2026-02-01 01:45:11 INFO  [org.hibernate.Version] - HHH000412: Hibernate ORM core version [WORKING]
2026-02-01 01:45:11 INFO  [org.hibernate.cache.internal.RegionFactoryInitiator] - HHH000026: Second-level cache disabled
2026-02-01 01:45:11 WARN  [org.hibernate.orm.connections.pooling] - HHH10001002: Using built-in connection pool (not intended for production use)
2026-02-01 01:45:11 INFO  [org.hibernate.orm.connections.pooling] - HHH10001005: Loaded JDBC driver class: com.mysql.cj.jdbc.Driver
2026-02-01 01:45:11 INFO  [org.hibernate.orm.connections.pooling] - HHH10001012: Connecting with JDBC URL [jdbc:mysql://localhost:3306/courier_db?createDatabaseIfNotExist=true&serverTimezone=UTC]
2026-02-01 01:45:11 INFO  [org.hibernate.orm.connections.pooling] - HHH10001001: Connection properties: {user=courier, password=****}
2026-02-01 01:45:11 INFO  [org.hibernate.orm.connections.pooling] - HHH10001003: Autocommit mode: false
2026-02-01 01:45:11 INFO  [org.hibernate.orm.connections.pooling] - HHH10001115: Connection pool size: 20 (min=1)
2026-02-01 01:45:11 WARN  [org.hibernate.orm.deprecation] - HHH90000025: MySQLDialect does not need to be specified explicitly using 'hibernate.dialect' (remove the property setting and it will be selected by default)
2026-02-01 01:45:12 INFO  [org.hibernate.validator.internal.util.Version] - HV000001: Hibernate Validator 8.0.1.Final
2026-02-01 01:45:12 INFO  [org.hibernate.orm.connections.access] - HHH10001501: Connection obtained from JdbcConnectionAccess [org.hibernate.engine.jdbc.env.internal.JdbcEnvironmentInitiator$ConnectionProviderJdbcConnectionAccess@37a6dd94] for (non-JTA) DDL execution was not in auto-commit mode; the Connection 'local transaction' will be committed and the Connection will be set into auto-commit mode.
2026-02-01 01:45:13 INFO  [com.tu.courier.controller.AdminDashboardController] - Admin logged in: username=admin, role=ADMIN
2026-02-01 17:11:21 INFO  [org.hibernate.Version] - HHH000412: Hibernate ORM core version [WORKING]
2026-02-01 17:11:21 INFO  [org.hibernate.cache.internal.RegionFactoryInitiator] - HHH000026: Second-level cache disabled
2026-02-01 17:11:21 WARN  [org.hibernate.orm.connections.pooling] - HHH10001002: Using built-in connection pool (not intended for production use)
2026-02-01 17:11:21 INFO  [org.hibernate.orm.connections.pooling] - HHH10001005: Loaded JDBC driver class: com.mysql.cj.jdbc.Driver
2026-02-01 17:11:21 INFO  [org.hibernate.orm.connections.pooling] - HHH10001012: Connecting with JDBC URL [jdbc:mysql://localhost:3306/courier_db?createDatabaseIfNotExist=true&serverTimezone=UTC]
2026-02-01 17:11:21 INFO  [org.hibernate.orm.connections.pooling] - HHH10001001: Connection properties: {user=courier, password=****}
2026-02-01 17:11:21 INFO  [org.hibernate.orm.connections.pooling] - HHH10001003: Autocommit mode: false
2026-02-01 17:11:21 INFO  [org.hibernate.orm.connections.pooling] - HHH10001115: Connection pool size: 20 (min=1)
2026-02-01 17:11:22 WARN  [org.hibernate.orm.deprecation] - HHH90000025: MySQLDialect does not need to be specified explicitly using 'hibernate.dialect' (remove the property setting and it will be selected by default)
2026-02-01 17:11:22 INFO  [org.hibernate.validator.internal.util.Version] - HV000001: Hibernate Validator 8.0.1.Final
2026-02-01 17:11:22 INFO  [org.hibernate.orm.connections.access] - HHH10001501: Connection obtained from JdbcConnectionAccess [org.hibernate.engine.jdbc.env.internal.JdbcEnvironmentInitiator$ConnectionProviderJdbcConnectionAccess@45cbe8f9] for (non-JTA) DDL execution was not in auto-commit mode; the Connection 'local transaction' will be committed and the Connection will be set into auto-commit mode.
2026-02-01 17:11:23 INFO  [com.tu.courier.controller.AdminDashboardController] - Admin logged in: username=admin, role=ADMIN
2026-02-01 17:11:26 INFO  [com.tu.courier.controller.AdminDashboardController] - Admin opened view: Известия
2026-02-01 17:11:32 INFO  [com.tu.courier.controller.AdminDashboardController] - Admin opened view: Справки
2026-02-01 17:12:28 INFO  [com.tu.courier.controller.AdminDashboardController] - Admin opened view: Управление на Пратки
2026-02-01 17:12:36 INFO  [com.tu.courier.controller.AdminDashboardController] - Admin opened Create Shipment window
2026-02-01 17:12:58 INFO  [com.tu.courier.controller.AdminDashboardController] - Admin opened view: Известия
2026-02-01 17:13:17 INFO  [com.tu.courier.controller.AdminDashboardController] - Admin opened view: Управление на Пратки
2026-02-01 17:13:27 INFO  [com.tu.courier.controller.AdminDashboardController] - Admin opened view: Управление на Куриери
2026-02-01 17:14:02 INFO  [com.tu.courier.controller.AdminDashboardController] - Admin opened view: Управление на Клиенти
2026-02-01 17:14:37 INFO  [com.tu.courier.controller.AdminDashboardController] - Admin opened view: Справки
2026-02-01 17:14:55 INFO  [com.tu.courier.controller.AdminDashboardController] - Admin opened view: Проследяване на Пратка
2026-02-01 17:15:01 INFO  [com.tu.courier.controller.AdminDashboardController] - Admin opened view: Управление на Клиенти
2026-02-01 17:15:09 INFO  [com.tu.courier.controller.AdminDashboardController] - Admin opened view: Управление на Пратки
2026-02-01 17:16:04 INFO  [com.tu.courier.controller.AdminDashboardController] - Admin opened view: Проследяване на Пратка
2026-02-01 17:16:12 INFO  [com.tu.courier.controller.AdminDashboardController] - Admin opened view: Известия
2026-02-01 17:16:14 INFO  [com.tu.courier.controller.AdminDashboardController] - Admin logged out: admin
2026-02-01 17:25:54 INFO  [org.hibernate.Version] - HHH000412: Hibernate ORM core version [WORKING]
2026-02-01 17:25:54 INFO  [org.hibernate.cache.internal.RegionFactoryInitiator] - HHH000026: Second-level cache disabled
2026-02-01 17:25:54 WARN  [org.hibernate.orm.connections.pooling] - HHH10001002: Using built-in connection pool (not intended for production use)
2026-02-01 17:25:54 INFO  [org.hibernate.orm.connections.pooling] - HHH10001005: Loaded JDBC driver class: com.mysql.cj.jdbc.Driver
2026-02-01 17:25:54 INFO  [org.hibernate.orm.connections.pooling] - HHH10001012: Connecting with JDBC URL [jdbc:mysql://localhost:3306/courier_db?createDatabaseIfNotExist=true&serverTimezone=UTC]
2026-02-01 17:25:54 INFO  [org.hibernate.orm.connections.pooling] - HHH10001001: Connection properties: {user=courier, password=****}
2026-02-01 17:25:54 INFO  [org.hibernate.orm.connections.pooling] - HHH10001003: Autocommit mode: false
2026-02-01 17:25:54 INFO  [org.hibernate.orm.connections.pooling] - HHH10001115: Connection pool size: 20 (min=1)
2026-02-01 17:25:54 WARN  [org.hibernate.orm.deprecation] - HHH90000025: MySQLDialect does not need to be specified explicitly using 'hibernate.dialect' (remove the property setting and it will be selected by default)
2026-02-01 17:25:55 INFO  [org.hibernate.validator.internal.util.Version] - HV000001: Hibernate Validator 8.0.1.Final
2026-02-01 17:25:55 INFO  [org.hibernate.orm.connections.access] - HHH10001501: Connection obtained from JdbcConnectionAccess [org.hibernate.engine.jdbc.env.internal.JdbcEnvironmentInitiator$ConnectionProviderJdbcConnectionAccess@5de4decc] for (non-JTA) DDL execution was not in auto-commit mode; the Connection 'local transaction' will be committed and the Connection will be set into auto-commit mode.
2026-02-01 17:51:09 INFO  [org.hibernate.Version] - HHH000412: Hibernate ORM core version [WORKING]
2026-02-01 17:51:09 INFO  [org.hibernate.cache.internal.RegionFactoryInitiator] - HHH000026: Second-level cache disabled
2026-02-01 17:51:09 WARN  [org.hibernate.orm.connections.pooling] - HHH10001002: Using built-in connection pool (not intended for production use)
2026-02-01 17:51:09 INFO  [org.hibernate.orm.connections.pooling] - HHH10001005: Loaded JDBC driver class: com.mysql.cj.jdbc.Driver
2026-02-01 17:51:09 INFO  [org.hibernate.orm.connections.pooling] - HHH10001012: Connecting with JDBC URL [jdbc:mysql://localhost:3306/courier_db?createDatabaseIfNotExist=true&serverTimezone=UTC]
2026-02-01 17:51:09 INFO  [org.hibernate.orm.connections.pooling] - HHH10001001: Connection properties: {user=courier, password=****}
2026-02-01 17:51:09 INFO  [org.hibernate.orm.connections.pooling] - HHH10001003: Autocommit mode: false
2026-02-01 17:51:09 INFO  [org.hibernate.orm.connections.pooling] - HHH10001115: Connection pool size: 20 (min=1)
2026-02-01 17:51:10 WARN  [org.hibernate.orm.deprecation] - HHH90000025: MySQLDialect does not need to be specified explicitly using 'hibernate.dialect' (remove the property setting and it will be selected by default)
2026-02-01 17:51:10 INFO  [org.hibernate.validator.internal.util.Version] - HV000001: Hibernate Validator 8.0.1.Final
2026-02-01 17:51:10 INFO  [org.hibernate.orm.connections.access] - HHH10001501: Connection obtained from JdbcConnectionAccess [org.hibernate.engine.jdbc.env.internal.JdbcEnvironmentInitiator$ConnectionProviderJdbcConnectionAccess@27c53abc] for (non-JTA) DDL execution was not in auto-commit mode; the Connection 'local transaction' will be committed and the Connection will be set into auto-commit mode.
2026-02-01 17:53:17 INFO  [org.hibernate.Version] - HHH000412: Hibernate ORM core version [WORKING]
2026-02-01 17:53:17 INFO  [org.hibernate.cache.internal.RegionFactoryInitiator] - HHH000026: Second-level cache disabled
2026-02-01 17:53:17 WARN  [org.hibernate.orm.connections.pooling] - HHH10001002: Using built-in connection pool (not intended for production use)
2026-02-01 17:53:17 INFO  [org.hibernate.orm.connections.pooling] - HHH10001005: Loaded JDBC driver class: com.mysql.cj.jdbc.Driver
2026-02-01 17:53:17 INFO  [org.hibernate.orm.connections.pooling] - HHH10001012: Connecting with JDBC URL [jdbc:mysql://localhost:3306/courier_db?createDatabaseIfNotExist=true&serverTimezone=UTC]
2026-02-01 17:53:17 INFO  [org.hibernate.orm.connections.pooling] - HHH10001001: Connection properties: {user=courier, password=****}
2026-02-01 17:53:17 INFO  [org.hibernate.orm.connections.pooling] - HHH10001003: Autocommit mode: false
2026-02-01 17:53:17 INFO  [org.hibernate.orm.connections.pooling] - HHH10001115: Connection pool size: 20 (min=1)
2026-02-01 17:53:17 WARN  [org.hibernate.orm.deprecation] - HHH90000025: MySQLDialect does not need to be specified explicitly using 'hibernate.dialect' (remove the property setting and it will be selected by default)
2026-02-01 17:53:18 INFO  [org.hibernate.validator.internal.util.Version] - HV000001: Hibernate Validator 8.0.1.Final
2026-02-01 17:53:18 INFO  [org.hibernate.orm.connections.access] - HHH10001501: Connection obtained from JdbcConnectionAccess [org.hibernate.engine.jdbc.env.internal.JdbcEnvironmentInitiator$ConnectionProviderJdbcConnectionAccess@5c6689c6] for (non-JTA) DDL execution was not in auto-commit mode; the Connection 'local transaction' will be committed and the Connection will be set into auto-commit mode.
